[23:48:13] [ServerMain/INFO]: Environment: authHost='https://authserver.mojang.com', accountsHost='https://api.mojang.com', sessionHost='https://sessionserver.mojang.com', servicesHost='https://api.minecraftservices.com', name='PROD'
[23:48:14] [ServerMain/INFO]: Found new data pack file/bukkit, loading it automatically
[23:48:17] [Worker-Main-1/INFO]: Loaded 7 recipes
[23:48:19] [Server thread/INFO]: Starting minecraft server version 1.18.2
[23:48:19] [Server thread/INFO]: Loading properties
[23:48:19] [Server thread/INFO]: This server is running Paper version git-Paper-388 (MC: 1.18.2) (Implementing API version 1.18.2-R0.1-SNAPSHOT) (Git: fc9ee65 on ver/1.18.2)
[23:48:20] [Server thread/INFO]: Server Ping Player Sample Count: 12
[23:48:20] [Server thread/INFO]: Using 4 threads for Netty based IO
[23:48:20] [Server thread/INFO]: Default game type: SURVIVAL
[23:48:20] [Server thread/INFO]: Generating keypair
[23:48:20] [Server thread/INFO]: Starting Minecraft server on *:25565
[23:48:20] [Server thread/INFO]: Using epoll channel type
[23:48:20] [Server thread/INFO]: Paper: Using libdeflate (Linux x86_64) compression from Velocity.
[23:48:20] [Server thread/INFO]: Paper: Using OpenSSL 1.1.x (Linux x86_64) cipher from Velocity.
[23:48:20] [Server thread/INFO]: Server permissions file permissions.yml is empty, ignoring it
[23:48:20] [Server thread/WARN]: **** SERVER IS RUNNING IN OFFLINE/INSECURE MODE!
[23:48:20] [Server thread/WARN]: The server will make no attempt to authenticate usernames. Beware.
[23:48:20] [Server thread/WARN]: While this makes the game possible to play without internet access, it also opens up the ability for hackers to connect with any username they choose.
[23:48:20] [Server thread/WARN]: To change this, set "online-mode" to "true" in the server.properties file.
[23:48:20] [Server thread/INFO]: Preparing level "world"
[23:48:28] [Server thread/INFO]: Preparing start region for dimension minecraft:overworld
[23:48:28] [Server thread/INFO]: Time elapsed: 411 ms
[23:48:28] [Server thread/INFO]: Preparing start region for dimension minecraft:the_nether
[23:48:28] [Server thread/INFO]: Time elapsed: 168 ms
[23:48:28] [Server thread/INFO]: Preparing start region for dimension minecraft:the_end
[23:48:28] [Server thread/INFO]: Time elapsed: 169 ms
[23:48:30] [Server thread/INFO]: Running delayed init tasks
[23:48:30] [Server thread/INFO]: Done (10.156s)! For help, type "help"
[23:48:30] [Server thread/INFO]: Timings Reset
[23:48:42] [User Authenticator #1/INFO]: UUID of player Elabu_sabuelas is a461283a-939d-352b-94f5-641d53c76f92
[23:48:42] [Server thread/INFO]: Elabu_sabuelas joined the game
[23:48:42] [Server thread/INFO]: Elabu_sabuelas[/127.156.157.12:45331] logged in with entity id 278 at ([world]-3.5, 63.0, 22.5)
[23:48:58] [Server thread/INFO]: Made Elabu_sabuelas a server operator
[23:49:58] [Server thread/INFO]: Elabu_sabuelas issued server command: /gamemode creative
[23:49:58] [Server thread/INFO]: [Elabu_sabuelas: Set own game mode to Creative Mode]
[23:50:24] [Server thread/INFO]: Stopping the server
[23:50:24] [Server thread/INFO]: Stopping server
[23:50:24] [Server thread/INFO]: Saving players
[23:50:24] [Server thread/INFO]: Elabu_sabuelas lost connection: Server closed
[23:50:24] [Server thread/INFO]: Elabu_sabuelas left the game
[23:50:24] [Server thread/INFO]: Saving worlds
[23:50:29] [Server thread/INFO]: Saving chunks for level 'ServerLevel[world]'/minecraft:overworld
[23:50:30] [Server thread/INFO]: Saving chunks for level 'ServerLevel[world_nether]'/minecraft:the_nether
[23:50:30] [Server thread/INFO]: Saving chunks for level 'ServerLevel[world_the_end]'/minecraft:the_end
[23:50:30] [Server thread/INFO]: ThreadedAnvilChunkStorage (world): All chunks are saved
[23:50:30] [Server thread/INFO]: ThreadedAnvilChunkStorage (DIM-1): All chunks are saved
[23:50:30] [Server thread/INFO]: ThreadedAnvilChunkStorage (DIM1): All chunks are saved
[23:50:30] [Server thread/INFO]: ThreadedAnvilChunkStorage: All dimensions are saved
[23:50:30] [Server thread/INFO]: Flushing Chunk IO
[23:50:30] [Server thread/INFO]: Closing Thread Pool
[23:50:30] [Server thread/INFO]: Closing Server
